

> chowvest-riders@0.1.0 build /Users/user/Documents/Carews projects/chowvest_prod_v1/apps/riders
> next build

[1m[38;2;173;127;168m▲ Next.js 16.2.1[39m[22m (Turbopack)
- Environments: .env

[33m[1m⚠[22m[39m The "middleware" file convention is deprecated. Please use "proxy" instead. Learn more: https://nextjs.org/docs/messages/middleware-to-proxy
[37m[1m [22m[39m Creating an optimized production build ...
[31m[1m⨯[22m[39m ERROR: This build is using Turbopack, with a `webpack` config and no `turbopack` config.
   This may be a mistake.

   As of Next.js 16 Turbopack is enabled by default and
   custom webpack configurations may need to be migrated to Turbopack.

   NOTE: your `webpack` config may have been added by a configuration plugin.

   To configure Turbopack, see https://nextjs.org/docs/app/api-reference/next-config-js/turbopack

   TIP: Many applications work fine under Turbopack with no configuration,
   if that is the case for you, you can silence this error by passing the
   `--turbopack` or `--webpack` flag explicitly or simply setting an 
   empty turbopack config in your Next config file (e.g. `turbopack: {}`).

> Build error occurred
Error: Call retries were exceeded
    at [3mignore-listed frames[23m {
  type: [32m'WorkerError'[39m
}
[41m[30m ELIFECYCLE [39m[49m [31mCommand failed with exit code 1.[39m
